Project Information                               d:\130911410\lab 6\2dbcd.rpt

MAX+plus II Compiler Report File
Version 9.23 3/19/99
Compiled: 09/16/2014 10:51:35

Copyright (C) 1988-1999 Altera Corporation
Any megafunction design, and related net list (encrypted or decrypted),
support information, device programming or simulation file, and any other
associated documentation or information provided by Altera or a partner
under Altera's Megafunction Partnership Program may be used only to
program PLD devices (but not masked PLD devices) from Altera.  Any other
use of such megafunction design, net list, support information, device
programming or simulation file, or any other related documentation or
information is prohibited for any other purpose, including, but not
limited to modification, reverse engineering, de-compiling, or use with
any other silicon devices, unless such use is explicitly licensed under
a separate agreement with Altera or a megafunction partner.  Title to
the intellectual property, including patents, copyrights, trademarks,
trade secrets, or maskworks, embodied in any such megafunction design,
net list, support information, device programming or simulation file, or
any other related documentation or information provided by Altera or a
megafunction partner, remains with Altera, the megafunction partner, or
their respective licensors.  No other licenses, including any licenses
needed under any third party's intellectual property, are provided herein.



***** Project compilation was successful




** DEVICE SUMMARY **

Chip/                     Input   Output   Bidir         Shareable
POF       Device          Pins    Pins     Pins     LCs  Expanders  % Utilized

2dbcd     EPM7064LC44-7    16       9        0      59      26          92 %

User Pins:                 16       9        0  



Project Information                               d:\130911410\lab 6\2dbcd.rpt

** FILE HIERARCHY **



|bcdadder:2|
|bcdadder:2|7483:29|
|bcdadder:2|7483:29|full_adder:6|
|bcdadder:2|7483:29|full_adder:2|
|bcdadder:2|7483:29|full_adder:5|
|bcdadder:2|7483:29|full_adder:4|
|bcdadder:2|7483:30|
|bcdadder:2|7483:30|full_adder:6|
|bcdadder:2|7483:30|full_adder:2|
|bcdadder:2|7483:30|full_adder:5|
|bcdadder:2|7483:30|full_adder:4|
|bcdadder:1|
|bcdadder:1|7483:29|
|bcdadder:1|7483:29|full_adder:6|
|bcdadder:1|7483:29|full_adder:2|
|bcdadder:1|7483:29|full_adder:5|
|bcdadder:1|7483:29|full_adder:4|
|bcdadder:1|7483:30|
|bcdadder:1|7483:30|full_adder:6|
|bcdadder:1|7483:30|full_adder:2|
|bcdadder:1|7483:30|full_adder:5|
|bcdadder:1|7483:30|full_adder:4|


Device-Specific Information:                      d:\130911410\lab 6\2dbcd.rpt
2dbcd

***** Logic for device '2dbcd' compiled without errors.




Device: EPM7064LC44-7

Device Options:
    Turbo Bit                                    = ON
    Security Bit                                 = OFF



Device-Specific Information:                      d:\130911410\lab 6\2dbcd.rpt
2dbcd

** ERROR SUMMARY **

Info: Chip '2dbcd' in device 'EPM7064LC44-7' has less than 10% of logic cells available for future logic changes -- if your project is likely to change, Altera recommends using a larger device
                                         R  R  
                                         E  E  
                                         S  S  
                                         E  E  
                                         R  R  
                       V  G  G  G  G  G  V  V  
              A  A  A  C  N  N  N  N  N  E  E  
              3  2  1  C  D  D  D  D  D  D  D  
            -----------------------------------_ 
          /   6  5  4  3  2  1 44 43 42 41 40   | 
      S6 |  7                                39 | RESERVED 
      S7 |  8                                38 | RESERVED 
      B2 |  9                                37 | RESERVED 
     GND | 10                                36 | RESERVED 
    Cout | 11                                35 | VCC 
      A0 | 12         EPM7064LC44-7          34 | S1 
      A7 | 13                                33 | S0 
      A5 | 14                                32 | RESERVED 
     VCC | 15                                31 | A6 
      B5 | 16                                30 | GND 
      B7 | 17                                29 | S5 
         |_  18 19 20 21 22 23 24 25 26 27 28  _| 
           ------------------------------------ 
              S  A  B  S  G  V  B  S  B  B  B  
              4  4  6  3  N  C  3  2  4  1  0  
                          D  C                 
                                               
                                               
                                               
                                               
                                               


N.C. = No Connect, This pin has no internal connection to the device.
VCC = Dedicated power pin, which MUST be connected to VCC.
GND = Dedicated ground pin or unused dedicated input, which MUST be connected to GND.
RESERVED = Unused I/O pin, which MUST be left unconnected.



Device-Specific Information:                      d:\130911410\lab 6\2dbcd.rpt
2dbcd

** RESOURCE USAGE **

                                                Shareable     External
Logic Array Block     Logic Cells   I/O Pins    Expanders   Interconnect

A:     LC1 - LC16    14/16( 87%)   8/ 8(100%)  16/16(100%)  24/36( 66%) 
B:    LC17 - LC32    16/16(100%)   8/ 8(100%)  15/16( 93%)  26/36( 72%) 
C:    LC33 - LC48    15/16( 93%)   7/ 8( 87%)  16/16(100%)  20/36( 55%) 
D:    LC49 - LC64    14/16( 87%)   2/ 8( 25%)  16/16(100%)  21/36( 58%) 


Total dedicated input pins used:                 0/4      (  0%)
Total I/O pins used:                            25/32     ( 78%)
Total logic cells used:                         59/64     ( 92%)
Total shareable expanders used:                 26/64     ( 40%)
Total Turbo logic cells used:                   59/64     ( 92%)
Total shareable expanders not available (n/a):  37/64     ( 57%)
Average fan-in:                                  7.37
Total fan-in:                                   435

Total input pins required:                      16
Total output pins required:                      9
Total bidirectional pins required:               0
Total logic cells required:                     59
Total flipflops required:                        0
Total product terms required:                  258
Total logic cells lending parallel expanders:    0
Total shareable expanders in database:          22

Synthesized logic cells:                        50/  64   ( 78%)



Device-Specific Information:                      d:\130911410\lab 6\2dbcd.rpt
2dbcd

** INPUTS **

                                         Shareable
                                         Expanders     Fan-In    Fan-Out
 Pin     LC  LAB  Primitive    Code   Total Shared n/a INP  FBK  OUT  FBK  Name
  12    (1)  (A)      INPUT               0      0   0    0    0    4   29  A0
   4   (16)  (A)      INPUT               0      0   0    0    0    3   35  A1
   5   (14)  (A)      INPUT               0      0   0    0    0    3   33  A2
   6   (11)  (A)      INPUT               0      0   0    0    0    2   27  A3
  19   (20)  (B)      INPUT               0      0   0    0    0    1    3  A4
  14   (30)  (B)      INPUT               0      0   0    0    0    0    2  A5
  31   (46)  (C)      INPUT               0      0   0    0    0    0   11  A6
  13   (32)  (B)      INPUT               0      0   0    0    0    0    7  A7
  28   (40)  (C)      INPUT               0      0   0    0    0    4   30  B0
  27   (37)  (C)      INPUT               0      0   0    0    0    3   34  B1
   9    (4)  (A)      INPUT               0      0   0    0    0    3   33  B2
  24   (33)  (C)      INPUT               0      0   0    0    0    2   30  B3
  26   (36)  (C)      INPUT               0      0   0    0    0    1    3  B4
  16   (25)  (B)      INPUT               0      0   0    0    0    0    2  B5
  20   (19)  (B)      INPUT               0      0   0    0    0    0   11  B6
  17   (24)  (B)      INPUT               0      0   0    0    0    0    7  B7


Code:

s = Synthesized pin or logic cell
t = Turbo logic cell
+ = Synchronous flipflop
! = NOT gate push-back
r = Fitter-inserted logic cell


Device-Specific Information:                      d:\130911410\lab 6\2dbcd.rpt
2dbcd

** OUTPUTS **

                                         Shareable
                                         Expanders     Fan-In    Fan-Out
 Pin     LC  LAB  Primitive    Code   Total Shared n/a INP  FBK  OUT  FBK  Name
  11      3    A     OUTPUT      t        0      0   0    0    2    0    0  Cout
  33     49    D     OUTPUT      t        0      0   0    2    0    0    0  S0
  34     51    D     OUTPUT      t        4      4   0    8   12    0    0  S1
  25     35    C     OUTPUT      t        4      4   0    8    9    0    0  S2
  21     17    B     OUTPUT      t        0      0   0    0    2    0    0  S3
  18     21    B     OUTPUT      t        3      3   0    8    8    0    0  S4
  29     41    C     OUTPUT      t        0      0   0    0    2    0    0  S5
   7      8    A     OUTPUT      t        0      0   0    0    3    0    0  S6
   8      5    A     OUTPUT      t        0      0   0    0    6    0    0  S7


Code:

s = Synthesized pin or logic cell
t = Turbo logic cell
+ = Synchronous flipflop
! = NOT gate push-back
r = Fitter-inserted logic cell


Device-Specific Information:                      d:\130911410\lab 6\2dbcd.rpt
2dbcd

** BURIED LOGIC **

                                         Shareable
                                         Expanders     Fan-In    Fan-Out
 Pin     LC  LAB  Primitive    Code   Total Shared n/a INP  FBK  OUT  FBK  Name
  (9)     4    A       SOFT    s t        8      2   1    4    4    2    2  |bcdadder:1|~23~1
   -     15    A       SOFT    s t        1      0   1    4    5    0    1  |bcdadder:1|~23~2
   -      2    A       SOFT    s t        2      0   0    4    2    1    4  |bcdadder:1|7483:29|full_adder:2|~12~1
 (12)     1    A       SOFT    s t        1      0   1    4    2    0   11  |bcdadder:1|7483:29|full_adder:2|~16~1
  (5)    14    A       SOFT    s t        0      0   0    4    1    1    0  |bcdadder:1|7483:29|full_adder:4|~7~1
   -     13    A       SOFT    s t        0      0   0    4    1    1    0  |bcdadder:1|7483:29|full_adder:4|~8~1
  (6)    11    A       SOFT    s t        0      0   0    4    1    1    0  |bcdadder:1|7483:29|full_adder:4|~9~1
   -      9    A       SOFT    s t        0      0   0    4    1    1    0  |bcdadder:1|7483:29|full_adder:4|~10~1
   -      7    A       SOFT    s t        3      0   1    4    1    2    2  |bcdadder:1|7483:29|full_adder:4|~12~1
   -     31    B       SOFT    s t        0      0   0    2    1    0    1  |bcdadder:1|7483:29|full_adder:5|~8~1
 (14)    30    B       SOFT    s t        0      0   0    2    1    0    1  |bcdadder:1|7483:29|full_adder:5|~9~1
   -      6    A       SOFT    s t        2      2   0    2    1    1    1  |bcdadder:1|7483:29|full_adder:5|~12~1
 (17)    24    B       SOFT    s t        3      3   0    7    5    0    2  |bcdadder:1|7483:29|full_adder:6|~13~1
   -     23    B       SOFT    s t        3      3   0    7    5    0    2  |bcdadder:1|7483:29|full_adder:6|~14~1
   -     44    C       SOFT    s t        0      0   0    0    2    1    1  |bcdadder:1|7483:30|full_adder:2|~16~1
   -     10    A       SOFT    s t        3      2   1    2    5    2    0  |bcdadder:1|7483:30|full_adder:5|~16~1
   -     18    B       SOFT    s t        3      0   0    6    3    2   19  |bcdadder:2|7483:29|full_adder:4|~12~1
   -     58    D       SOFT    s t        1      0   1    7    0    0    1  |bcdadder:2|7483:29|full_adder:4|S~2 (|bcdadder:2|7483:29|full_adder:4|~12~2)
   -     54    D       SOFT    s t        1      0   1    7    0    0    1  |bcdadder:2|7483:29|full_adder:4|S~3 (|bcdadder:2|7483:29|full_adder:4|~12~3)
   -     59    D       SOFT    s t        1      0   1    7    0    0    1  |bcdadder:2|7483:29|full_adder:4|S~4 (|bcdadder:2|7483:29|full_adder:4|~12~4)
   -     55    D       SOFT    s t        1      0   1    8    1    1    0  |bcdadder:2|7483:30|full_adder:2|S~1 (|bcdadder:2|7483:30|full_adder:2|~12~1)
 (37)    53    D       SOFT    s t        1      0   1    8    1    1    0  |bcdadder:2|7483:30|full_adder:2|S~2 (|bcdadder:2|7483:30|full_adder:2|~12~2)
   -     63    D       SOFT    s t        1      0   1    8    1    1    0  |bcdadder:2|7483:30|full_adder:2|S~3 (|bcdadder:2|7483:30|full_adder:2|~12~3)
 (27)    37    C       SOFT    s t        1      0   1    7    1    1    0  |bcdadder:2|7483:30|full_adder:2|S~4 (|bcdadder:2|7483:30|full_adder:2|~12~4)
   -     34    C       SOFT    s t        1      0   1    7    1    1    0  |bcdadder:2|7483:30|full_adder:2|S~5 (|bcdadder:2|7483:30|full_adder:2|~12~5)
 (40)    62    D       SOFT    s t        1      0   1    8    1    1    0  |bcdadder:2|7483:30|full_adder:2|S~6 (|bcdadder:2|7483:30|full_adder:2|~12~6)
 (24)    33    C       SOFT    s t        1      0   1    6    1    1    0  |bcdadder:2|7483:30|full_adder:2|S~7 (|bcdadder:2|7483:30|full_adder:2|~12~7)
   -     38    C       SOFT    s t        1      0   1    8    1    1    0  |bcdadder:2|7483:30|full_adder:2|S~8 (|bcdadder:2|7483:30|full_adder:2|~12~8)
   -     45    C       SOFT    s t        1      0   1    7    1    1    0  |bcdadder:2|7483:30|full_adder:2|S~9 (|bcdadder:2|7483:30|full_adder:2|~12~9)
 (28)    40    C       SOFT    s t        1      0   1    6    1    1    0  |bcdadder:2|7483:30|full_adder:2|S~10 (|bcdadder:2|7483:30|full_adder:2|~12~10)
   -     39    C       SOFT    s t        1      0   1    6    1    1    0  |bcdadder:2|7483:30|full_adder:2|S~11 (|bcdadder:2|7483:30|full_adder:2|~12~11)
   -     60    D       SOFT    s t        1      0   1    7    0    1    0  |bcdadder:2|7483:30|full_adder:2|S~12 (|bcdadder:2|7483:30|full_adder:2|~12~12)
 (13)    32    B       SOFT    s t        3      3   0    6    5    1    0  |bcdadder:2|7483:30|full_adder:4|~14~1
 (36)    52    D       SOFT    s t        1      0   1    8    0    1    3  |bcdadder:2|7483:30|full_adder:4|~14~2
 (39)    57    D       SOFT    s t        1      0   1    8    0    1    3  |bcdadder:2|7483:30|full_adder:4|~14~3
   -     29    B       SOFT    s t        1      0   1    6    0    1    3  |bcdadder:2|7483:30|full_adder:4|~14~4
   -     27    B       SOFT    s t        1      0   1    6    0    1    4  |bcdadder:2|7483:30|full_adder:4|~14~5
 (20)    19    B       SOFT    s t        1      0   1    6    0    1    3  |bcdadder:2|7483:30|full_adder:4|~14~6
   -     47    C       SOFT    s t        1      0   1    8    1    1    0  |bcdadder:2|7483:30|full_adder:5|S~1 (|bcdadder:2|7483:30|full_adder:5|~12~1)
 (31)    46    C       SOFT    s t        1      0   1    8    1    1    0  |bcdadder:2|7483:30|full_adder:5|S~2 (|bcdadder:2|7483:30|full_adder:5|~12~2)
   -     42    C       SOFT    s t        1      0   1    8    1    1    0  |bcdadder:2|7483:30|full_adder:5|S~3 (|bcdadder:2|7483:30|full_adder:5|~12~3)
   -     43    C       SOFT    s t        1      0   1    8    1    1    0  |bcdadder:2|7483:30|full_adder:5|S~4 (|bcdadder:2|7483:30|full_adder:5|~12~4)
 (26)    36    C       SOFT    s t        1      0   1    7    1    1    0  |bcdadder:2|7483:30|full_adder:5|S~5 (|bcdadder:2|7483:30|full_adder:5|~12~5)
 (38)    56    D       SOFT    s t        1      0   1    8    0    1    0  |bcdadder:2|7483:30|full_adder:5|S~6 (|bcdadder:2|7483:30|full_adder:5|~12~6)
 (19)    20    B       SOFT    s t        1      0   1    6    0    1    0  |bcdadder:2|7483:30|full_adder:5|S~7 (|bcdadder:2|7483:30|full_adder:5|~12~7)
   -     50    D       SOFT    s t        1      0   1    8    0    1    0  |bcdadder:2|7483:30|full_adder:5|S~8 (|bcdadder:2|7483:30|full_adder:5|~12~8)
   -     22    B       SOFT    s t        1      0   1    6    0    1    0  |bcdadder:2|7483:30|full_adder:5|S~9 (|bcdadder:2|7483:30|full_adder:5|~12~9)
 (16)    25    B       SOFT    s t        5      3   1    8    4    2    0  |bcdadder:2|7483:30|full_adder:5|~16~1
   -     26    B       SOFT    s t        1      0   1    6    1    0    1  |bcdadder:2|7483:30|full_adder:5|Cout~2 (|bcdadder:2|7483:30|full_adder:5|~16~2)
   -     28    B       SOFT    s t        1      0   1    5    1    0    1  |bcdadder:2|7483:30|full_adder:5|Cout~3 (|bcdadder:2|7483:30|full_adder:5|~16~3)


Code:

s = Synthesized pin or logic cell
t = Turbo logic cell
+ = Synchronous flipflop
! = NOT gate push-back
r = Fitter-inserted logic cell


Device-Specific Information:                      d:\130911410\lab 6\2dbcd.rpt
2dbcd

** LOGIC CELL INTERCONNECTIONS **

Logic Array Block 'A':

                                     Logic cells placed in LAB 'A'
        +--------------------------- LC4 |bcdadder:1|~23~1
        | +------------------------- LC15 |bcdadder:1|~23~2
        | | +----------------------- LC2 |bcdadder:1|7483:29|full_adder:2|~12~1
        | | | +--------------------- LC1 |bcdadder:1|7483:29|full_adder:2|~16~1
        | | | | +------------------- LC14 |bcdadder:1|7483:29|full_adder:4|~7~1
        | | | | | +----------------- LC13 |bcdadder:1|7483:29|full_adder:4|~8~1
        | | | | | | +--------------- LC11 |bcdadder:1|7483:29|full_adder:4|~9~1
        | | | | | | | +------------- LC9 |bcdadder:1|7483:29|full_adder:4|~10~1
        | | | | | | | | +----------- LC7 |bcdadder:1|7483:29|full_adder:4|~12~1
        | | | | | | | | | +--------- LC6 |bcdadder:1|7483:29|full_adder:5|~12~1
        | | | | | | | | | | +------- LC10 |bcdadder:1|7483:30|full_adder:5|~16~1
        | | | | | | | | | | | +----- LC3 Cout
        | | | | | | | | | | | | +--- LC8 S6
        | | | | | | | | | | | | | +- LC5 S7
        | | | | | | | | | | | | | | 
        | | | | | | | | | | | | | |   Other LABs fed by signals
        | | | | | | | | | | | | | |   that feed LAB 'A'
LC      | | | | | | | | | | | | | | | A B C D |     Logic cells that feed LAB 'A':
LC4  -> - - - - - - - - - - * - * - | * - * - | <-- |bcdadder:1|~23~1
LC15 -> * - - - - - - - - - - - - - | * - - - | <-- |bcdadder:1|~23~2
LC2  -> * * - - - - - - - - * - - - | * - * - | <-- |bcdadder:1|7483:29|full_adder:2|~12~1
LC1  -> * * - - * * * * * * * - - - | * * - - | <-- |bcdadder:1|7483:29|full_adder:2|~16~1
LC14 -> - - - - - - - - - - - - - * | * - - - | <-- |bcdadder:1|7483:29|full_adder:4|~7~1
LC13 -> - - - - - - - - - - - - - * | * - - - | <-- |bcdadder:1|7483:29|full_adder:4|~8~1
LC11 -> - - - - - - - - - - - - - * | * - - - | <-- |bcdadder:1|7483:29|full_adder:4|~9~1
LC9  -> - - - - - - - - - - - - - * | * - - - | <-- |bcdadder:1|7483:29|full_adder:4|~10~1
LC7  -> * * - - - - - - - - - * - * | * - - - | <-- |bcdadder:1|7483:29|full_adder:4|~12~1
LC6  -> - - - - - - - - - - * - * - | * - - - | <-- |bcdadder:1|7483:29|full_adder:5|~12~1
LC10 -> - - - - - - - - - - - * - * | * - - - | <-- |bcdadder:1|7483:30|full_adder:5|~16~1

Pin
19   -> - - * * - - - - - - - - - - | * * - - | <-- A4
14   -> - - * * - - - - - - - - - - | * - - - | <-- A5
31   -> * * - - * * * * * * * - - - | * * - - | <-- A6
13   -> * * - - * * * * * - - - - - | * - - - | <-- A7
26   -> - - * * - - - - - - - - - - | * * - - | <-- B4
16   -> - - * * - - - - - - - - - - | * - - - | <-- B5
20   -> * * - - * * * * * * * - - - | * * - - | <-- B6
17   -> * * - - * * * * * - - - - - | * - - - | <-- B7
LC31 -> - * - - - - - - - - - - - - | * - - - | <-- |bcdadder:1|7483:29|full_adder:5|~8~1
LC30 -> - * - - - - - - - - - - - - | * - - - | <-- |bcdadder:1|7483:29|full_adder:5|~9~1
LC24 -> - - * * - - - - - - - - - - | * - - - | <-- |bcdadder:1|7483:29|full_adder:6|~13~1
LC23 -> - - * * - - - - - - - - - - | * - - - | <-- |bcdadder:1|7483:29|full_adder:6|~14~1
LC44 -> - - - - - - - - - - * - * - | * - - - | <-- |bcdadder:1|7483:30|full_adder:2|~16~1


* = The logic cell or pin is an input to the logic cell (or LAB) through the PIA.
- = The logic cell or pin is not an input to the logic cell (or LAB).


Device-Specific Information:                      d:\130911410\lab 6\2dbcd.rpt
2dbcd

** LOGIC CELL INTERCONNECTIONS **

Logic Array Block 'B':

                                         Logic cells placed in LAB 'B'
        +------------------------------- LC31 |bcdadder:1|7483:29|full_adder:5|~8~1
        | +----------------------------- LC30 |bcdadder:1|7483:29|full_adder:5|~9~1
        | | +--------------------------- LC24 |bcdadder:1|7483:29|full_adder:6|~13~1
        | | | +------------------------- LC23 |bcdadder:1|7483:29|full_adder:6|~14~1
        | | | | +----------------------- LC18 |bcdadder:2|7483:29|full_adder:4|~12~1
        | | | | | +--------------------- LC32 |bcdadder:2|7483:30|full_adder:4|~14~1
        | | | | | | +------------------- LC29 |bcdadder:2|7483:30|full_adder:4|~14~4
        | | | | | | | +----------------- LC27 |bcdadder:2|7483:30|full_adder:4|~14~5
        | | | | | | | | +--------------- LC19 |bcdadder:2|7483:30|full_adder:4|~14~6
        | | | | | | | | | +------------- LC20 |bcdadder:2|7483:30|full_adder:5|S~7
        | | | | | | | | | | +----------- LC22 |bcdadder:2|7483:30|full_adder:5|S~9
        | | | | | | | | | | | +--------- LC25 |bcdadder:2|7483:30|full_adder:5|~16~1
        | | | | | | | | | | | | +------- LC26 |bcdadder:2|7483:30|full_adder:5|Cout~2
        | | | | | | | | | | | | | +----- LC28 |bcdadder:2|7483:30|full_adder:5|Cout~3
        | | | | | | | | | | | | | | +--- LC17 S3
        | | | | | | | | | | | | | | | +- LC21 S4
        | | | | | | | | | | | | | | | | 
        | | | | | | | | | | | | | | | |   Other LABs fed by signals
        | | | | | | | | | | | | | | | |   that feed LAB 'B'
LC      | | | | | | | | | | | | | | | | | A B C D |     Logic cells that feed LAB 'B':
LC18 -> - - - - - - - - - - - * * * * * | - * * * | <-- |bcdadder:2|7483:29|full_adder:4|~12~1
LC32 -> - - - - - - - - - - - - - - - * | - * - - | <-- |bcdadder:2|7483:30|full_adder:4|~14~1
LC29 -> - - * * - * - - - - - - - - - * | - * - - | <-- |bcdadder:2|7483:30|full_adder:4|~14~4
LC27 -> - - * * - * - - - - - * - - - * | - * - - | <-- |bcdadder:2|7483:30|full_adder:4|~14~5
LC19 -> - - * * - * - - - - - - - - - * | - * - - | <-- |bcdadder:2|7483:30|full_adder:4|~14~6
LC25 -> - - - - - - - - - - - - - - * * | - * - - | <-- |bcdadder:2|7483:30|full_adder:5|~16~1
LC26 -> - - - - - - - - - - - * - - - - | - * - - | <-- |bcdadder:2|7483:30|full_adder:5|Cout~2
LC28 -> - - - - - - - - - - - * - - - - | - * - - | <-- |bcdadder:2|7483:30|full_adder:5|Cout~3

Pin
12   -> - - * * - * - * - - * * - - - * | - * * * | <-- A0
4    -> - - * * * * * * * * * * * * - * | - * * * | <-- A1
5    -> - - * * * * * * * * * * * * - * | - * * * | <-- A2
6    -> - - - - * - * - * * - * * * - - | - * * * | <-- A3
19   -> - - - * - - - - - - - - - - - * | * * - - | <-- A4
31   -> * * - - - - - - - - - - - - - - | * * - - | <-- A6
28   -> - - * * * * - * - - * * - - - * | - * * * | <-- B0
27   -> - - * * - * * * * * * * * - - * | - * * * | <-- B1
9    -> - - * * * * * * * * * * * * - * | - * * * | <-- B2
24   -> - - - - * - * - * * - * * * - - | - * * * | <-- B3
26   -> - - * - - - - - - - - - - - - * | * * - - | <-- B4
20   -> * * - - - - - - - - - - - - - - | * * - - | <-- B6
LC1  -> * * - - - - - - - - - - - - - - | * * - - | <-- |bcdadder:1|7483:29|full_adder:2|~16~1
LC58 -> - - - - * - - - - - - - - - - - | - * - - | <-- |bcdadder:2|7483:29|full_adder:4|S~2
LC54 -> - - - - * - - - - - - - - - - - | - * - - | <-- |bcdadder:2|7483:29|full_adder:4|S~3
LC59 -> - - - - * - - - - - - - - - - - | - * - - | <-- |bcdadder:2|7483:29|full_adder:4|S~4
LC52 -> - - * * - * - - - - - - - - - * | - * - - | <-- |bcdadder:2|7483:30|full_adder:4|~14~2
LC57 -> - - * * - * - - - - - - - - - * | - * - - | <-- |bcdadder:2|7483:30|full_adder:4|~14~3


* = The logic cell or pin is an input to the logic cell (or LAB) through the PIA.
- = The logic cell or pin is not an input to the logic cell (or LAB).


Device-Specific Information:                      d:\130911410\lab 6\2dbcd.rpt
2dbcd

** LOGIC CELL INTERCONNECTIONS **

Logic Array Block 'C':

                                       Logic cells placed in LAB 'C'
        +----------------------------- LC44 |bcdadder:1|7483:30|full_adder:2|~16~1
        | +--------------------------- LC37 |bcdadder:2|7483:30|full_adder:2|S~4
        | | +------------------------- LC34 |bcdadder:2|7483:30|full_adder:2|S~5
        | | | +----------------------- LC33 |bcdadder:2|7483:30|full_adder:2|S~7
        | | | | +--------------------- LC38 |bcdadder:2|7483:30|full_adder:2|S~8
        | | | | | +------------------- LC45 |bcdadder:2|7483:30|full_adder:2|S~9
        | | | | | | +----------------- LC40 |bcdadder:2|7483:30|full_adder:2|S~10
        | | | | | | | +--------------- LC39 |bcdadder:2|7483:30|full_adder:2|S~11
        | | | | | | | | +------------- LC47 |bcdadder:2|7483:30|full_adder:5|S~1
        | | | | | | | | | +----------- LC46 |bcdadder:2|7483:30|full_adder:5|S~2
        | | | | | | | | | | +--------- LC42 |bcdadder:2|7483:30|full_adder:5|S~3
        | | | | | | | | | | | +------- LC43 |bcdadder:2|7483:30|full_adder:5|S~4
        | | | | | | | | | | | | +----- LC36 |bcdadder:2|7483:30|full_adder:5|S~5
        | | | | | | | | | | | | | +--- LC35 S2
        | | | | | | | | | | | | | | +- LC41 S5
        | | | | | | | | | | | | | | | 
        | | | | | | | | | | | | | | |   Other LABs fed by signals
        | | | | | | | | | | | | | | |   that feed LAB 'C'
LC      | | | | | | | | | | | | | | | | A B C D |     Logic cells that feed LAB 'C':
LC47 -> - - - - - - - - - - - - - * - | - - * - | <-- |bcdadder:2|7483:30|full_adder:5|S~1
LC46 -> - - - - - - - - - - - - - * - | - - * - | <-- |bcdadder:2|7483:30|full_adder:5|S~2
LC42 -> - - - - - - - - - - - - - * - | - - * - | <-- |bcdadder:2|7483:30|full_adder:5|S~3
LC43 -> - - - - - - - - - - - - - * - | - - * - | <-- |bcdadder:2|7483:30|full_adder:5|S~4
LC36 -> - - - - - - - - - - - - - * - | - - * - | <-- |bcdadder:2|7483:30|full_adder:5|S~5

Pin
12   -> - * * * * * * - * * * * * * - | - * * * | <-- A0
4    -> - * * * * * * * * * * * - * - | - * * * | <-- A1
5    -> - - * * * - - * * * * * * * - | - * * * | <-- A2
6    -> - * * - * * * * * * * * * * - | - * * * | <-- A3
28   -> - * * * * * - * * * * * * * - | - * * * | <-- B0
27   -> - * * * * * * * * * * * * * - | - * * * | <-- B1
9    -> - * - * * * * - * * * * * * - | - * * * | <-- B2
24   -> - * * - * * * * * * * * * * - | - * * * | <-- B3
LC4  -> * - - - - - - - - - - - - - * | * - * - | <-- |bcdadder:1|~23~1
LC2  -> * - - - - - - - - - - - - - * | * - * - | <-- |bcdadder:1|7483:29|full_adder:2|~12~1
LC18 -> - * * * * * * * * * * * * - - | - * * * | <-- |bcdadder:2|7483:29|full_adder:4|~12~1
LC56 -> - - - - - - - - - - - - - * - | - - * - | <-- |bcdadder:2|7483:30|full_adder:5|S~6
LC20 -> - - - - - - - - - - - - - * - | - - * - | <-- |bcdadder:2|7483:30|full_adder:5|S~7
LC50 -> - - - - - - - - - - - - - * - | - - * - | <-- |bcdadder:2|7483:30|full_adder:5|S~8
LC22 -> - - - - - - - - - - - - - * - | - - * - | <-- |bcdadder:2|7483:30|full_adder:5|S~9


* = The logic cell or pin is an input to the logic cell (or LAB) through the PIA.
- = The logic cell or pin is not an input to the logic cell (or LAB).


Device-Specific Information:                      d:\130911410\lab 6\2dbcd.rpt
2dbcd

** LOGIC CELL INTERCONNECTIONS **

Logic Array Block 'D':

                                     Logic cells placed in LAB 'D'
        +--------------------------- LC58 |bcdadder:2|7483:29|full_adder:4|S~2
        | +------------------------- LC54 |bcdadder:2|7483:29|full_adder:4|S~3
        | | +----------------------- LC59 |bcdadder:2|7483:29|full_adder:4|S~4
        | | | +--------------------- LC55 |bcdadder:2|7483:30|full_adder:2|S~1
        | | | | +------------------- LC53 |bcdadder:2|7483:30|full_adder:2|S~2
        | | | | | +----------------- LC63 |bcdadder:2|7483:30|full_adder:2|S~3
        | | | | | | +--------------- LC62 |bcdadder:2|7483:30|full_adder:2|S~6
        | | | | | | | +------------- LC60 |bcdadder:2|7483:30|full_adder:2|S~12
        | | | | | | | | +----------- LC52 |bcdadder:2|7483:30|full_adder:4|~14~2
        | | | | | | | | | +--------- LC57 |bcdadder:2|7483:30|full_adder:4|~14~3
        | | | | | | | | | | +------- LC56 |bcdadder:2|7483:30|full_adder:5|S~6
        | | | | | | | | | | | +----- LC50 |bcdadder:2|7483:30|full_adder:5|S~8
        | | | | | | | | | | | | +--- LC49 S0
        | | | | | | | | | | | | | +- LC51 S1
        | | | | | | | | | | | | | | 
        | | | | | | | | | | | | | |   Other LABs fed by signals
        | | | | | | | | | | | | | |   that feed LAB 'D'
LC      | | | | | | | | | | | | | | | A B C D |     Logic cells that feed LAB 'D':
LC55 -> - - - - - - - - - - - - - * | - - - * | <-- |bcdadder:2|7483:30|full_adder:2|S~1
LC53 -> - - - - - - - - - - - - - * | - - - * | <-- |bcdadder:2|7483:30|full_adder:2|S~2
LC63 -> - - - - - - - - - - - - - * | - - - * | <-- |bcdadder:2|7483:30|full_adder:2|S~3
LC62 -> - - - - - - - - - - - - - * | - - - * | <-- |bcdadder:2|7483:30|full_adder:2|S~6
LC60 -> - - - - - - - - - - - - - * | - - - * | <-- |bcdadder:2|7483:30|full_adder:2|S~12

Pin
12   -> * * * * * * * * * * * * * * | - * * * | <-- A0
4    -> * * * * * * * * * * * * - * | - * * * | <-- A1
5    -> * * * * * * * * * * * * - * | - * * * | <-- A2
6    -> - - - * * * * * * * * * - * | - * * * | <-- A3
28   -> * * * * * * * * * * * * * * | - * * * | <-- B0
27   -> * * * * * * * * * * * * - * | - * * * | <-- B1
9    -> * * * * * * * - * * * * - * | - * * * | <-- B2
24   -> * * * * * * * * * * * * - * | - * * * | <-- B3
LC18 -> - - - * * * * - - - - - - - | - * * * | <-- |bcdadder:2|7483:29|full_adder:4|~12~1
LC37 -> - - - - - - - - - - - - - * | - - - * | <-- |bcdadder:2|7483:30|full_adder:2|S~4
LC34 -> - - - - - - - - - - - - - * | - - - * | <-- |bcdadder:2|7483:30|full_adder:2|S~5
LC33 -> - - - - - - - - - - - - - * | - - - * | <-- |bcdadder:2|7483:30|full_adder:2|S~7
LC38 -> - - - - - - - - - - - - - * | - - - * | <-- |bcdadder:2|7483:30|full_adder:2|S~8
LC45 -> - - - - - - - - - - - - - * | - - - * | <-- |bcdadder:2|7483:30|full_adder:2|S~9
LC40 -> - - - - - - - - - - - - - * | - - - * | <-- |bcdadder:2|7483:30|full_adder:2|S~10
LC39 -> - - - - - - - - - - - - - * | - - - * | <-- |bcdadder:2|7483:30|full_adder:2|S~11


* = The logic cell or pin is an input to the logic cell (or LAB) through the PIA.
- = The logic cell or pin is not an input to the logic cell (or LAB).


Device-Specific Information:                      d:\130911410\lab 6\2dbcd.rpt
2dbcd

** EQUATIONS **

A0       : INPUT;
A1       : INPUT;
A2       : INPUT;
A3       : INPUT;
A4       : INPUT;
A5       : INPUT;
A6       : INPUT;
A7       : INPUT;
B0       : INPUT;
B1       : INPUT;
B2       : INPUT;
B3       : INPUT;
B4       : INPUT;
B5       : INPUT;
B6       : INPUT;
B7       : INPUT;

-- Node name is 'Cout' 
-- Equation name is 'Cout', location is LC003, type is output.
 Cout    = LCELL( _EQ001 $  _LC007);
  _EQ001 =  _LC007 & !_LC010;

-- Node name is 'S0' 
-- Equation name is 'S0', location is LC049, type is output.
 S0      = LCELL( B0 $  A0);

-- Node name is 'S1' 
-- Equation name is 'S1', location is LC051, type is output.
 S1      = LCELL( _EQ002 $  VCC);
  _EQ002 = !_LC033 & !_LC034 & !_LC037 & !_LC038 & !_LC039 & !_LC040 & 
             !_LC045 & !_LC053 & !_LC055 & !_LC060 & !_LC062 & !_LC063 & 
              _X001 &  _X002 &  _X003 &  _X004;
  _X001  = EXP(!A1 &  A2 &  A3 & !B0 & !B1 &  B2);
  _X002  = EXP(!A1 &  A2 & !B0 & !B1 &  B2 &  B3);
  _X003  = EXP(!A0 & !A1 &  A2 &  A3 & !B1 &  B2);
  _X004  = EXP(!A0 & !A1 &  A2 & !B1 &  B2 &  B3);

-- Node name is 'S2' 
-- Equation name is 'S2', location is LC035, type is output.
 S2      = LCELL( _EQ003 $  VCC);
  _EQ003 = !_LC020 & !_LC022 & !_LC036 & !_LC042 & !_LC043 & !_LC046 & 
             !_LC047 & !_LC050 & !_LC056 &  _X001 &  _X002 &  _X003 &  _X004;
  _X001  = EXP(!A1 &  A2 &  A3 & !B0 & !B1 &  B2);
  _X002  = EXP(!A1 &  A2 & !B0 & !B1 &  B2 &  B3);
  _X003  = EXP(!A0 & !A1 &  A2 &  A3 & !B1 &  B2);
  _X004  = EXP(!A0 & !A1 &  A2 & !B1 &  B2 &  B3);

-- Node name is 'S3' 
-- Equation name is 'S3', location is LC017, type is output.
 S3      = LCELL( _LC025 $  _LC018);

-- Node name is 'S4' 
-- Equation name is 'S4', location is LC021, type is output.
 S4      = LCELL( _EQ004 $  GND);
  _EQ004 = !A4 & !B4 & !_LC019 & !_LC027 & !_LC029 & !_LC052 & !_LC057 & 
              _X005 &  _X006 &  _X007
         #  A4 &  B4 &  _LC018 &  _LC025
         #  A4 & !B4 &  _LC032
         # !A4 &  B4 &  _LC032;
  _X005  = EXP(!A1 &  A2 & !B0 & !B1 &  B2);
  _X006  = EXP(!A0 & !A1 & !A2 & !B1 & !B2);
  _X007  = EXP(!A1 & !A2 & !B0 & !B1 & !B2);

-- Node name is 'S5' 
-- Equation name is 'S5', location is LC041, type is output.
 S5      = LCELL( _LC004 $  _LC002);

-- Node name is 'S6' 
-- Equation name is 'S6', location is LC008, type is output.
 S6      = LCELL( _EQ005 $  _LC006);
  _EQ005 =  _LC004 & !_LC044
         # !_LC004 &  _LC044;

-- Node name is 'S7' 
-- Equation name is 'S7', location is LC005, type is output.
 S7      = LCELL( _EQ006 $  GND);
  _EQ006 =  _LC009 &  _LC010 &  _LC011 &  _LC013 &  _LC014
         #  _LC007 & !_LC010;

-- Node name is '|bcdadder:1|~23~1' 
-- Equation name is '_LC004', type is buried 
-- synthesized logic cell 
_LC004   = LCELL( _EQ007 $  _EQ008);
  _EQ007 =  A6 & !A7 & !B6 & !B7 & !_LC002 & !_LC015 &  _X008 &  _X009 & 
              _X010 &  _X011 &  _X012 &  _X013 &  _X014
         # !A6 & !A7 &  B6 & !B7 & !_LC002 & !_LC015 &  _X008 &  _X009 & 
              _X010 &  _X011 &  _X012 &  _X013 &  _X014
         # !A7 & !B7 & !_LC001 & !_LC002 & !_LC015 &  _X008 &  _X009 &  _X010 & 
              _X011 &  _X012 &  _X013 &  _X014
         # !B6 & !B7 & !_LC001 & !_LC002 & !_LC015 &  _X008 &  _X009 &  _X010 & 
              _X011 &  _X012 &  _X013 &  _X014;
  _X008  = EXP( A6 & !B6 & !_LC001);
  _X009  = EXP(!B6 & !B7 & !_LC001 & !_LC007);
  _X010  = EXP(!A6 & !B7 & !_LC001 & !_LC007);
  _X011  = EXP(!A7 & !B6 & !_LC001 & !_LC007);
  _X012  = EXP(!A6 & !A7 & !_LC001 & !_LC007);
  _X013  = EXP(!A7 & !B7 & !_LC007);
  _X014  = EXP(!A6 &  B6 & !_LC001);
  _EQ008 = !_LC015 &  _X009 &  _X010 &  _X011 &  _X012 &  _X013;
  _X009  = EXP(!B6 & !B7 & !_LC001 & !_LC007);
  _X010  = EXP(!A6 & !B7 & !_LC001 & !_LC007);
  _X011  = EXP(!A7 & !B6 & !_LC001 & !_LC007);
  _X012  = EXP(!A6 & !A7 & !_LC001 & !_LC007);
  _X013  = EXP(!A7 & !B7 & !_LC007);

-- Node name is '|bcdadder:1|~23~2' 
-- Equation name is '_LC015', type is buried 
-- synthesized logic cell 
_LC015   = LCELL( _EQ009 $  GND);
  _EQ009 = !A6 & !B7 & !_LC001 & !_LC002 &  _LC030 &  _LC031
         # !A7 & !B6 & !_LC001 & !_LC002 &  _LC030 &  _LC031
         # !A6 & !A7 & !_LC001 & !_LC002 &  _LC030 &  _LC031
         # !A6 & !B6 & !B7 & !_LC007
         # !A6 & !A7 & !B6 & !_LC007;

-- Node name is '|bcdadder:1|7483:29|full_adder:2|~12~1' 
-- Equation name is '_LC002', type is buried 
-- synthesized logic cell 
_LC002   = LCELL( _EQ010 $  A5);
  _EQ010 =  B5 &  _LC023 &  _LC024 &  _X015
         #  A4 &  B4 & !B5
         # !B5 &  _X016;
  _X015  = EXP( A4 &  B4);
  _X016  = EXP( _LC023 &  _LC024);

-- Node name is '|bcdadder:1|7483:29|full_adder:2|~16~1' 
-- Equation name is '_LC001', type is buried 
-- synthesized logic cell 
_LC001   = LCELL( _EQ011 $  VCC);
  _EQ011 = !A4 & !B5 &  _LC023 &  _LC024
         # !B4 & !B5 &  _LC023 &  _LC024
         # !A4 & !A5 &  _LC023 &  _LC024
         # !A5 & !B4 &  _LC023 &  _LC024
         # !A5 & !B5;

-- Node name is '|bcdadder:1|7483:29|full_adder:4|~7~1' 
-- Equation name is '_LC014', type is buried 
-- synthesized logic cell 
_LC014   = LCELL( _EQ012 $  VCC);
  _EQ012 =  A6 & !A7 &  B6 & !B7
         # !A7 &  B6 & !B7 &  _LC001
         #  A6 & !A7 & !B7 &  _LC001;

-- Node name is '|bcdadder:1|7483:29|full_adder:4|~8~1' 
-- Equation name is '_LC013', type is buried 
-- synthesized logic cell 
_LC013   = LCELL( _EQ013 $  VCC);
  _EQ013 = !A7 & !B6 &  B7 & !_LC001
         # !A6 & !A7 & !B6 &  B7
         # !A6 & !A7 &  B7 & !_LC001;

-- Node name is '|bcdadder:1|7483:29|full_adder:4|~9~1' 
-- Equation name is '_LC011', type is buried 
-- synthesized logic cell 
_LC011   = LCELL( _EQ014 $  VCC);
  _EQ014 =  A7 & !B6 & !B7 & !_LC001
         # !A6 &  A7 & !B6 & !B7
         # !A6 &  A7 & !B7 & !_LC001;

-- Node name is '|bcdadder:1|7483:29|full_adder:4|~10~1' 
-- Equation name is '_LC009', type is buried 
-- synthesized logic cell 
_LC009   = LCELL( _EQ015 $  VCC);
  _EQ015 =  A6 &  A7 &  B6 &  B7
         #  A7 &  B6 &  B7 &  _LC001
         #  A6 &  A7 &  B7 &  _LC001;

-- Node name is '|bcdadder:1|7483:29|full_adder:4|~12~1' 
-- Equation name is '_LC007', type is buried 
-- synthesized logic cell 
_LC007   = LCELL( _EQ016 $  A7);
  _EQ016 =  A6 & !B7 &  _LC001
         #  B6 & !B7 &  _X017
         # !B6 &  B7 &  _X018
         # !A6 &  B7 & !_LC001;
  _X017  = EXP(!A6 & !_LC001);
  _X018  = EXP( A6 &  _LC001);

-- Node name is '|bcdadder:1|7483:29|full_adder:5|~8~1' 
-- Equation name is '_LC031', type is buried 
-- synthesized logic cell 
_LC031   = LCELL( _EQ017 $  VCC);
  _EQ017 = !A6 &  B6 & !_LC001;

-- Node name is '|bcdadder:1|7483:29|full_adder:5|~9~1' 
-- Equation name is '_LC030', type is buried 
-- synthesized logic cell 
_LC030   = LCELL( _EQ018 $  VCC);
  _EQ018 =  A6 & !B6 & !_LC001;

-- Node name is '|bcdadder:1|7483:29|full_adder:5|~12~1' 
-- Equation name is '_LC006', type is buried 
-- synthesized logic cell 
_LC006   = LCELL( _EQ019 $  VCC);
  _EQ019 =  A6 & !B6 &  _X008 &  _X014
         # !A6 &  B6 &  _X008 &  _X014
         # !_LC001 &  _X008 &  _X014;
  _X008  = EXP( A6 & !B6 & !_LC001);
  _X014  = EXP(!A6 &  B6 & !_LC001);

-- Node name is '|bcdadder:1|7483:29|full_adder:6|~13~1' 
-- Equation name is '_LC024', type is buried 
-- synthesized logic cell 
_LC024   = LCELL( _EQ020 $  VCC);
  _EQ020 =  B4 & !_LC019 & !_LC027 & !_LC029 & !_LC052 & !_LC057 &  _X005 & 
              _X006 &  _X007;
  _X005  = EXP(!A1 &  A2 & !B0 & !B1 &  B2);
  _X006  = EXP(!A0 & !A1 & !A2 & !B1 & !B2);
  _X007  = EXP(!A1 & !A2 & !B0 & !B1 & !B2);

-- Node name is '|bcdadder:1|7483:29|full_adder:6|~14~1' 
-- Equation name is '_LC023', type is buried 
-- synthesized logic cell 
_LC023   = LCELL( _EQ021 $  VCC);
  _EQ021 =  A4 & !_LC019 & !_LC027 & !_LC029 & !_LC052 & !_LC057 &  _X005 & 
              _X006 &  _X007;
  _X005  = EXP(!A1 &  A2 & !B0 & !B1 &  B2);
  _X006  = EXP(!A0 & !A1 & !A2 & !B1 & !B2);
  _X007  = EXP(!A1 & !A2 & !B0 & !B1 & !B2);

-- Node name is '|bcdadder:1|7483:30|full_adder:2|~16~1' 
-- Equation name is '_LC044', type is buried 
-- synthesized logic cell 
_LC044   = LCELL( _EQ022 $  _LC004);
  _EQ022 = !_LC002 &  _LC004;

-- Node name is '|bcdadder:1|7483:30|full_adder:5|~16~1' 
-- Equation name is '_LC010', type is buried 
-- synthesized logic cell 
_LC010   = LCELL( _EQ023 $  _LC004);
  _EQ023 =  A6 & !B6 & !_LC002 &  _LC004 &  _X008 &  _X014
         # !A6 &  B6 & !_LC002 &  _LC004 &  _X008 &  _X014
         # !_LC001 & !_LC002 &  _LC004 &  _X008 &  _X014
         # !_LC004 &  _LC006 &  _LC044;
  _X008  = EXP( A6 & !B6 & !_LC001);
  _X014  = EXP(!A6 &  B6 & !_LC001);

-- Node name is '|bcdadder:2|7483:29|full_adder:4|~12~2' = '|bcdadder:2|7483:29|full_adder:4|S~2' 
-- Equation name is '_LC058', type is buried 
-- synthesized logic cell 
_LC058   = LCELL( _EQ024 $  GND);
  _EQ024 =  A0 &  B0 &  B1 &  B2 & !B3
         #  A0 &  A1 &  B0 &  B2 & !B3
         #  A0 &  A2 &  B0 &  B1 & !B3
         #  A0 &  A1 &  A2 &  B0 & !B3
         #  A1 &  B1 &  B2 & !B3;

-- Node name is '|bcdadder:2|7483:29|full_adder:4|~12~3' = '|bcdadder:2|7483:29|full_adder:4|S~3' 
-- Equation name is '_LC054', type is buried 
-- synthesized logic cell 
_LC054   = LCELL( _EQ025 $  GND);
  _EQ025 =  A1 &  A2 &  B1 & !B3
         # !A1 & !B1 & !B2 &  B3
         # !A0 & !B1 & !B2 &  B3
         # !B0 & !B1 & !B2 &  B3
         # !A0 & !A1 & !B2 &  B3;

-- Node name is '|bcdadder:2|7483:29|full_adder:4|~12~4' = '|bcdadder:2|7483:29|full_adder:4|S~4' 
-- Equation name is '_LC059', type is buried 
-- synthesized logic cell 
_LC059   = LCELL( _EQ026 $  GND);
  _EQ026 = !A1 & !B0 & !B2 &  B3
         # !A1 & !A2 & !B1 &  B3
         # !A0 & !A2 & !B1 &  B3
         # !A2 & !B0 & !B1 &  B3
         # !A0 & !A1 & !A2 &  B3;

-- Node name is '|bcdadder:2|7483:29|full_adder:4|~12~1' 
-- Equation name is '_LC018', type is buried 
-- synthesized logic cell 
_LC018   = LCELL( _EQ027 $ !A3);
  _EQ027 = !_LC054 & !_LC058 & !_LC059 &  _X019 &  _X020 &  _X021;
  _X019  = EXP(!A1 & !A2 & !B0 &  B3);
  _X020  = EXP( A2 &  B2 & !B3);
  _X021  = EXP(!A2 & !B2 &  B3);

-- Node name is '|bcdadder:2|7483:30|full_adder:2|~12~1' = '|bcdadder:2|7483:30|full_adder:2|S~1' 
-- Equation name is '_LC055', type is buried 
-- synthesized logic cell 
_LC055   = LCELL( _EQ028 $  GND);
  _EQ028 =  A0 & !A1 & !A2 & !A3 &  B0 &  B2 &  B3 & !_LC018
         #  A0 & !A1 & !A2 &  A3 &  B0 &  B2 & !B3 & !_LC018
         #  A0 &  A1 & !A2 &  B0 &  B1 & !B2 & !B3 & !_LC018
         #  A0 &  A1 & !A2 & !A3 &  B0 &  B1 & !B2 & !_LC018
         #  A0 & !A1 &  A2 &  B0 &  B1 &  B2 &  _LC018;

-- Node name is '|bcdadder:2|7483:30|full_adder:2|~12~2' = '|bcdadder:2|7483:30|full_adder:2|S~2' 
-- Equation name is '_LC053', type is buried 
-- synthesized logic cell 
_LC053   = LCELL( _EQ029 $  GND);
  _EQ029 =  A0 &  A1 &  A2 &  B0 & !B1 &  B2 &  _LC018
         #  A0 &  A1 & !A3 &  B0 &  B1 & !B3 & !_LC018
         #  A0 & !A1 & !A2 &  B0 &  B1 & !B2 &  _LC018
         #  A0 &  A1 & !A2 &  B0 & !B1 & !B2 &  _LC018
         # !A0 & !A2 & !A3 &  B1 &  B2 &  B3 & !_LC018;

-- Node name is '|bcdadder:2|7483:30|full_adder:2|~12~3' = '|bcdadder:2|7483:30|full_adder:2|S~3' 
-- Equation name is '_LC063', type is buried 
-- synthesized logic cell 
_LC063   = LCELL( _EQ030 $  GND);
  _EQ030 = !A0 & !A2 &  A3 &  B1 &  B2 & !B3 & !_LC018
         # !A2 & !A3 & !B0 &  B1 &  B2 &  B3 & !_LC018
         # !A2 &  A3 & !B0 &  B1 &  B2 & !B3 & !_LC018
         #  A1 & !A2 &  A3 & !B1 &  B2 & !B3 & !_LC018
         #  A1 & !A2 & !A3 & !B1 &  B2 &  B3 & !_LC018;

-- Node name is '|bcdadder:2|7483:30|full_adder:2|~12~4' = '|bcdadder:2|7483:30|full_adder:2|S~4' 
-- Equation name is '_LC037', type is buried 
-- synthesized logic cell 
_LC037   = LCELL( _EQ031 $  GND);
  _EQ031 =  A0 & !A1 &  B0 & !B1 & !B2 & !B3 & !_LC018
         #  A0 & !A1 & !A3 &  B0 & !B1 & !B2 & !_LC018
         #  A0 & !A1 & !A3 &  B0 & !B1 & !B3 & !_LC018
         #  A0 &  A1 &  B0 & !B1 &  B3 &  _LC018
         #  A0 &  A1 &  A3 &  B0 & !B1 &  _LC018;

-- Node name is '|bcdadder:2|7483:30|full_adder:2|~12~5' = '|bcdadder:2|7483:30|full_adder:2|S~5' 
-- Equation name is '_LC034', type is buried 
-- synthesized logic cell 
_LC034   = LCELL( _EQ032 $  GND);
  _EQ032 =  A0 & !A1 &  B0 &  B1 &  B3 &  _LC018
         #  A0 & !A1 &  A3 &  B0 &  B1 &  _LC018
         #  A0 & !A1 &  A2 &  A3 &  B0 &  B1
         #  A0 & !A1 &  A2 &  B0 &  B1 &  B3
         #  A0 & !A1 &  A3 &  B0 &  B1 &  B3;

-- Node name is '|bcdadder:2|7483:30|full_adder:2|~12~6' = '|bcdadder:2|7483:30|full_adder:2|S~6' 
-- Equation name is '_LC062', type is buried 
-- synthesized logic cell 
_LC062   = LCELL( _EQ033 $  GND);
  _EQ033 =  A0 &  A1 &  A2 &  A3 &  B0 & !B1
         #  A0 &  A1 &  A2 &  B0 & !B1 &  B3
         #  A0 &  A1 &  A3 &  B0 & !B1 &  B3
         #  A1 &  A2 & !B0 &  B1 &  B2 &  _LC018
         # !A0 &  A1 &  A2 &  B1 &  B2 &  _LC018;

-- Node name is '|bcdadder:2|7483:30|full_adder:2|~12~7' = '|bcdadder:2|7483:30|full_adder:2|S~7' 
-- Equation name is '_LC033', type is buried 
-- synthesized logic cell 
_LC033   = LCELL( _EQ034 $  GND);
  _EQ034 =  A1 & !A2 & !B0 &  B1 & !B2 &  _LC018
         # !A0 &  A1 & !A2 &  B1 & !B2 &  _LC018
         # !A1 &  A2 & !B0 & !B1 & !B2 &  _LC018
         # !A1 & !A2 & !B0 & !B1 &  B2 &  _LC018
         # !A0 & !A1 &  A2 & !B1 & !B2 &  _LC018;

-- Node name is '|bcdadder:2|7483:30|full_adder:2|~12~8' = '|bcdadder:2|7483:30|full_adder:2|S~8' 
-- Equation name is '_LC038', type is buried 
-- synthesized logic cell 
_LC038   = LCELL( _EQ035 $  GND);
  _EQ035 = !A0 & !A1 & !A2 & !B1 &  B2 &  _LC018
         #  A1 & !B0 & !B1 & !B2 & !B3 & !_LC018
         #  A1 & !A3 & !B0 & !B1 & !B2 & !_LC018
         #  A1 & !A3 & !B0 & !B1 & !B3 & !_LC018
         # !A0 &  A1 & !B1 & !B2 & !B3 & !_LC018;

-- Node name is '|bcdadder:2|7483:30|full_adder:2|~12~9' = '|bcdadder:2|7483:30|full_adder:2|S~9' 
-- Equation name is '_LC045', type is buried 
-- synthesized logic cell 
_LC045   = LCELL( _EQ036 $  GND);
  _EQ036 = !A0 &  A1 & !A3 & !B1 & !B2 & !_LC018
         # !A0 &  A1 & !A3 & !B1 & !B3 & !_LC018
         # !A1 & !B0 &  B1 & !B2 & !B3 & !_LC018
         # !A1 & !A3 & !B0 &  B1 & !B2 & !_LC018
         # !A1 & !A3 & !B0 &  B1 & !B3 & !_LC018;

-- Node name is '|bcdadder:2|7483:30|full_adder:2|~12~10' = '|bcdadder:2|7483:30|full_adder:2|S~10' 
-- Equation name is '_LC040', type is buried 
-- synthesized logic cell 
_LC040   = LCELL( _EQ037 $  GND);
  _EQ037 = !A0 & !A1 &  B1 & !B2 & !B3 & !_LC018
         # !A0 & !A1 & !A3 &  B1 & !B2 & !_LC018
         # !A0 & !A1 & !A3 &  B1 & !B3 & !_LC018
         # !A0 &  A1 &  B1 &  B3 &  _LC018
         # !A0 &  A1 &  A3 &  B1 &  _LC018;

-- Node name is '|bcdadder:2|7483:30|full_adder:2|~12~11' = '|bcdadder:2|7483:30|full_adder:2|S~11' 
-- Equation name is '_LC039', type is buried 
-- synthesized logic cell 
_LC039   = LCELL( _EQ038 $  GND);
  _EQ038 =  A1 & !B0 &  B1 &  B3 &  _LC018
         #  A1 &  A3 & !B0 &  B1 &  _LC018
         #  A1 &  A2 &  A3 & !B0 &  B1
         #  A1 &  A2 & !B0 &  B1 &  B3
         #  A1 &  A3 & !B0 &  B1 &  B3;

-- Node name is '|bcdadder:2|7483:30|full_adder:2|~12~12' = '|bcdadder:2|7483:30|full_adder:2|S~12' 
-- Equation name is '_LC060', type is buried 
-- synthesized logic cell 
_LC060   = LCELL( _EQ039 $  GND);
  _EQ039 = !A0 &  A1 &  A2 &  A3 &  B1
         # !A0 &  A1 &  A2 &  B1 &  B3
         # !A0 &  A1 &  A3 &  B1 &  B3
         # !A1 &  A3 & !B0 & !B1 &  B3
         # !A0 & !A1 &  A3 & !B1 &  B3;

-- Node name is '|bcdadder:2|7483:30|full_adder:4|~14~1' 
-- Equation name is '_LC032', type is buried 
-- synthesized logic cell 
_LC032   = LCELL( _EQ040 $  VCC);
  _EQ040 = !_LC019 & !_LC027 & !_LC029 & !_LC052 & !_LC057 &  _X005 &  _X006 & 
              _X007;
  _X005  = EXP(!A1 &  A2 & !B0 & !B1 &  B2);
  _X006  = EXP(!A0 & !A1 & !A2 & !B1 & !B2);
  _X007  = EXP(!A1 & !A2 & !B0 & !B1 & !B2);

-- Node name is '|bcdadder:2|7483:30|full_adder:4|~14~2' 
-- Equation name is '_LC052', type is buried 
-- synthesized logic cell 
_LC052   = LCELL( _EQ041 $  GND);
  _EQ041 =  A0 &  A2 & !A3 &  B0 &  B1 &  B3
         #  A0 &  A2 &  A3 &  B0 &  B1 & !B3
         #  A0 & !A1 & !A2 &  B0 &  B1 &  B2
         #  A0 &  A1 & !A2 &  B0 & !B1 &  B2
         #  A0 & !A1 &  A2 &  B0 &  B1 & !B2;

-- Node name is '|bcdadder:2|7483:30|full_adder:4|~14~3' 
-- Equation name is '_LC057', type is buried 
-- synthesized logic cell 
_LC057   = LCELL( _EQ042 $  GND);
  _EQ042 =  A0 &  A1 &  A2 &  B0 & !B1 & !B2
         #  A1 & !A3 &  B1 &  B2 &  B3
         #  A1 &  A3 &  B1 &  B2 & !B3
         #  A2 & !A3 &  B2 &  B3
         #  A2 &  A3 &  B2 & !B3;

-- Node name is '|bcdadder:2|7483:30|full_adder:4|~14~4' 
-- Equation name is '_LC029', type is buried 
-- synthesized logic cell 
_LC029   = LCELL( _EQ043 $  GND);
  _EQ043 = !A2 &  A3 & !B2 &  B3
         #  A3 & !B1 & !B2 &  B3
         # !A1 &  A3 & !B2 &  B3
         # !A1 & !A2 &  A3 &  B3
         # !A2 &  A3 & !B1 &  B3;

-- Node name is '|bcdadder:2|7483:30|full_adder:4|~14~5' 
-- Equation name is '_LC027', type is buried 
-- synthesized logic cell 
_LC027   = LCELL( _EQ044 $  GND);
  _EQ044 = !A0 &  A1 & !A2 &  B1 &  B2
         #  A1 & !A2 & !B0 &  B1 &  B2
         # !A0 &  A1 &  A2 &  B1 & !B2
         #  A1 &  A2 & !B0 &  B1 & !B2
         # !A0 & !A1 &  A2 & !B1 &  B2;

-- Node name is '|bcdadder:2|7483:30|full_adder:4|~14~6' 
-- Equation name is '_LC019', type is buried 
-- synthesized logic cell 
_LC019   = LCELL( _EQ045 $  GND);
  _EQ045 = !A2 & !A3 & !B2 & !B3
         # !A3 & !B1 & !B2 & !B3
         # !A1 & !A3 & !B2 & !B3
         # !A1 & !A2 & !A3 & !B3
         # !A2 & !A3 & !B1 & !B3;

-- Node name is '|bcdadder:2|7483:30|full_adder:5|~16~2' = '|bcdadder:2|7483:30|full_adder:5|Cout~2' 
-- Equation name is '_LC026', type is buried 
-- synthesized logic cell 
_LC026   = LCELL( _EQ046 $  GND);
  _EQ046 = !A2 & !B1 & !B3 & !_LC018
         # !A2 & !A3 & !B1 & !_LC018
         # !B1 & !B2 & !B3 & !_LC018
         # !A3 & !B1 & !B2 & !_LC018
         # !A1 & !A2 & !B3 & !_LC018;

-- Node name is '|bcdadder:2|7483:30|full_adder:5|~16~3' = '|bcdadder:2|7483:30|full_adder:5|Cout~3' 
-- Equation name is '_LC028', type is buried 
-- synthesized logic cell 
_LC028   = LCELL( _EQ047 $  GND);
  _EQ047 = !A1 & !A2 & !A3 & !_LC018
         # !A1 & !B2 & !B3 & !_LC018
         # !A1 & !A3 & !B2 & !_LC018
         # !A2 & !B2 & !B3 & !_LC018
         # !A2 & !A3 & !B2 & !_LC018;

-- Node name is '|bcdadder:2|7483:30|full_adder:5|~12~1' = '|bcdadder:2|7483:30|full_adder:5|S~1' 
-- Equation name is '_LC047', type is buried 
-- synthesized logic cell 
_LC047   = LCELL( _EQ048 $  GND);
  _EQ048 =  A0 &  A1 &  A2 & !A3 &  B0 &  B2 & !B3 & !_LC018
         #  A0 &  A2 & !A3 &  B0 &  B1 &  B2 & !B3 & !_LC018
         #  A0 & !A1 & !A2 & !A3 &  B0 &  B1 &  B3 & !_LC018
         #  A0 &  A1 & !A2 & !A3 &  B0 & !B1 &  B3 & !_LC018
         #  A1 &  A2 & !A3 &  B1 &  B2 & !B3 & !_LC018;

-- Node name is '|bcdadder:2|7483:30|full_adder:5|~12~2' = '|bcdadder:2|7483:30|full_adder:5|S~2' 
-- Equation name is '_LC046', type is buried 
-- synthesized logic cell 
_LC046   = LCELL( _EQ049 $  GND);
  _EQ049 =  A0 &  A1 & !A2 &  B0 & !B2 & !B3 & !_LC018
         #  A0 & !A2 &  B0 &  B1 & !B2 & !B3 & !_LC018
         # !A1 & !A2 &  A3 & !B0 & !B1 & !B2 &  B3
         # !A0 & !A1 & !A2 &  A3 & !B1 & !B2 &  B3
         #  A0 &  A1 &  A2 &  B0 &  B1 &  B2;

-- Node name is '|bcdadder:2|7483:30|full_adder:5|~12~3' = '|bcdadder:2|7483:30|full_adder:5|S~3' 
-- Equation name is '_LC042', type is buried 
-- synthesized logic cell 
_LC042   = LCELL( _EQ050 $  GND);
  _EQ050 =  A0 &  A1 & !A2 &  B0 &  B1 & !B2
         #  A0 & !A1 &  A2 &  B0 & !B1 & !B2
         #  A0 & !A1 & !A2 &  B0 & !B1 &  B2
         #  A2 & !A3 & !B1 & !B2 &  B3 & !_LC018
         # !A2 & !A3 & !B1 &  B2 &  B3 & !_LC018;

-- Node name is '|bcdadder:2|7483:30|full_adder:5|~12~4' = '|bcdadder:2|7483:30|full_adder:5|S~4' 
-- Equation name is '_LC043', type is buried 
-- synthesized logic cell 
_LC043   = LCELL( _EQ051 $  GND);
  _EQ051 =  A1 & !A2 &  B1 & !B2 & !B3 & !_LC018
         #  A1 & !A2 & !A3 &  B1 & !B2 & !_LC018
         #  A2 & !B0 & !B1 & !B2 & !B3 & !_LC018
         # !A0 &  A2 & !B1 & !B2 & !B3 & !_LC018
         # !A2 & !B0 & !B1 &  B2 & !B3 & !_LC018;

-- Node name is '|bcdadder:2|7483:30|full_adder:5|~12~5' = '|bcdadder:2|7483:30|full_adder:5|S~5' 
-- Equation name is '_LC036', type is buried 
-- synthesized logic cell 
_LC036   = LCELL( _EQ052 $  GND);
  _EQ052 = !A0 & !A2 & !B1 &  B2 & !B3 & !_LC018
         # !A2 &  A3 & !B0 &  B1 &  B2
         # !A0 & !A2 &  A3 &  B1 &  B2
         # !A2 & !B0 &  B1 &  B2 &  B3
         # !A0 & !A2 &  B1 &  B2 &  B3;

-- Node name is '|bcdadder:2|7483:30|full_adder:5|~12~6' = '|bcdadder:2|7483:30|full_adder:5|S~6' 
-- Equation name is '_LC056', type is buried 
-- synthesized logic cell 
_LC056   = LCELL( _EQ053 $  GND);
  _EQ053 =  A2 &  A3 & !B0 &  B1 & !B2
         # !A0 &  A2 &  A3 &  B1 & !B2
         #  A2 & !B0 &  B1 & !B2 &  B3
         # !A0 &  A2 &  B1 & !B2 &  B3
         #  A1 & !A2 &  A3 & !B1 &  B2;

-- Node name is '|bcdadder:2|7483:30|full_adder:5|~12~7' = '|bcdadder:2|7483:30|full_adder:5|S~7' 
-- Equation name is '_LC020', type is buried 
-- synthesized logic cell 
_LC020   = LCELL( _EQ054 $  GND);
  _EQ054 =  A1 & !A2 & !B1 &  B2 &  B3
         # !A1 & !A2 &  A3 &  B1 &  B2
         # !A1 & !A2 &  B1 &  B2 &  B3
         #  A1 &  A2 &  A3 & !B1 & !B2
         #  A1 &  A2 & !B1 & !B2 &  B3;

-- Node name is '|bcdadder:2|7483:30|full_adder:5|~12~8' = '|bcdadder:2|7483:30|full_adder:5|S~8' 
-- Equation name is '_LC050', type is buried 
-- synthesized logic cell 
_LC050   = LCELL( _EQ055 $  GND);
  _EQ055 = !A1 &  A2 &  A3 &  B1 & !B2
         # !A1 &  A2 &  B1 & !B2 &  B3
         #  A1 &  A2 & !B0 & !B1 & !B2
         # !A0 &  A1 &  A2 & !B1 & !B2
         # !A1 &  A2 & !B0 &  B1 & !B2;

-- Node name is '|bcdadder:2|7483:30|full_adder:5|~12~9' = '|bcdadder:2|7483:30|full_adder:5|S~9' 
-- Equation name is '_LC022', type is buried 
-- synthesized logic cell 
_LC022   = LCELL( _EQ056 $  GND);
  _EQ056 = !A0 & !A1 &  A2 &  B1 & !B2
         #  A1 & !A2 & !B0 & !B1 &  B2
         # !A0 &  A1 & !A2 & !B1 &  B2
         # !A1 & !A2 & !B0 &  B1 &  B2
         # !A0 & !A1 & !A2 &  B1 &  B2;

-- Node name is '|bcdadder:2|7483:30|full_adder:5|~16~1' 
-- Equation name is '_LC025', type is buried 
-- synthesized logic cell 
_LC025   = LCELL( _EQ057 $  _EQ058);
  _EQ057 =  A0 &  A1 &  A2 &  B0 & !B1 & !B2 & !_LC026 & !_LC027 & !_LC028 & 
              _X005 &  _X006 &  _X007 &  _X022
         #  A0 &  A1 & !A2 &  B0 & !B1 &  B2 & !_LC026 & !_LC027 & !_LC028 & 
              _X005 &  _X006 &  _X007 &  _X022
         #  A0 & !A1 &  A2 &  B0 &  B1 & !B2 & !_LC026 & !_LC027 & !_LC028 & 
              _X005 &  _X006 &  _X007 &  _X022
         #  A0 & !A1 & !A2 &  B0 &  B1 &  B2 & !_LC026 & !_LC027 & !_LC028 & 
              _X005 &  _X006 &  _X007 &  _X022;
  _X005  = EXP(!A1 &  A2 & !B0 & !B1 &  B2);
  _X006  = EXP(!A0 & !A1 & !A2 & !B1 & !B2);
  _X007  = EXP(!A1 & !A2 & !B0 & !B1 & !B2);
  _X022  = EXP(!A3 & !B3 & !_LC018);
  _EQ058 = !_LC026 & !_LC027 & !_LC028 &  _X005 &  _X006 &  _X007 &  _X022;
  _X005  = EXP(!A1 &  A2 & !B0 & !B1 &  B2);
  _X006  = EXP(!A0 & !A1 & !A2 & !B1 & !B2);
  _X007  = EXP(!A1 & !A2 & !B0 & !B1 & !B2);
  _X022  = EXP(!A3 & !B3 & !_LC018);



--     Shareable expanders that are duplicated in multiple LABs:
--    _X001 occurs in LABs C, D
--    _X002 occurs in LABs C, D
--    _X003 occurs in LABs C, D
--    _X004 occurs in LABs C, D




Project Information                               d:\130911410\lab 6\2dbcd.rpt

** COMPILATION SETTINGS & TIMES **

Processing Menu Commands
------------------------

Design Doctor                             = off

Logic Synthesis:

   Synthesis Type Used                    = Standard

   Default Synthesis Style                = NORMAL

      Logic option settings in 'NORMAL' style for 'MAX7000' family

      DECOMPOSE_GATES                     = on
      DUPLICATE_LOGIC_EXTRACTION          = on
      MINIMIZATION                        = full
      MULTI_LEVEL_FACTORING               = on
      NOT_GATE_PUSH_BACK                  = on
      PARALLEL_EXPANDERS                  = off
      REDUCE_LOGIC                        = on
      REFACTORIZATION                     = on
      REGISTER_OPTIMIZATION               = on
      RESYNTHESIZE_NETWORK                = on
      SLOW_SLEW_RATE                      = off
      SOFT_BUFFER_INSERTION               = on
      SUBFACTOR_EXTRACTION                = on
      TURBO_BIT                           = on
      XOR_SYNTHESIS                       = on
      IGNORE_SOFT_BUFFERS                 = off
      USE_LPM_FOR_AHDL_OPERATORS          = off

   Other logic synthesis settings:

      Automatic Global Clock              = on
      Automatic Global Clear              = on
      Automatic Global Preset             = on
      Automatic Global Output Enable      = on
      Automatic Fast I/O                  = off
      Automatic Register Packing          = off
      Automatic Open-Drain Pins           = on
      Automatic Implement in EAB          = off
      One-Hot State Machine Encoding      = off
      Optimize                            = 5

Default Timing Specifications: None

Cut All Bidir Feedback Timing Paths       = on
Cut All Clear & Preset Timing Paths       = on

Ignore Timing Assignments                 = on

Functional SNF Extractor                  = off

Linked SNF Extractor                      = off
Timing SNF Extractor                      = on
Optimize Timing SNF                       = off
Generate AHDL TDO File                    = off
Fitter Settings                           = NORMAL
Smart Recompile                           = off
Total Recompile                           = off

Interfaces Menu Commands
------------------------

EDIF Netlist Writer                       = off
Verilog Netlist Writer                    = off
VHDL Netlist Writer                       = off

Compilation Times
-----------------

   Compiler Netlist Extractor             00:00:00
   Database Builder                       00:00:00
   Logic Synthesizer                      00:00:01
   Partitioner                            00:00:00
   Fitter                                 00:00:00
   Timing SNF Extractor                   00:00:00
   Assembler                              00:00:00
   --------------------------             --------
   Total Time                             00:00:01


Memory Allocated
-----------------

Peak memory allocated during compilation  = 3,261K
